# JRE version: OpenJDK Runtime Environment Temurin-21.0.10+7 (21.0.10+7) (build 21.0.10+7-LTS)
# Java VM: OpenJDK 64-Bit Server VM Temurin-21.0.10+7 (21.0.10+7-LTS, mixed mode, sharing, tiered, compressed oops, compressed class ptrs, parallel gc, windows-amd64)
GC Precious Log:
 CardTable entry size: 512
 CPUs: 12 total, 12 available
 Memory: 16248M
 Large Page Support: Disabled
 NUMA Support: Disabled
 Compressed Oops: Enabled (32-bit)
 Alignments: Space 512K, Generation 512K, Heap 2M
 Heap Min Capacity: 100M
 Heap Initial Capacity: 100M
 Heap Max Capacity: 2G
 Pre-touch: Disabled
 Parallel Workers: 10
Heap:
 PSYoungGen      total 15872K, used 14867K [0x00000000d5580000, 0x00000000d6700000, 0x0000000100000000)
  eden space 15360K, 94% used [0x00000000d5580000,0x00000000d63bcf38,0x00000000d6480000)
  from space 512K, 56% used [0x00000000d6680000,0x00000000d66c8000,0x00000000d6700000)
  to   space 512K, 0% used [0x00000000d6600000,0x00000000d6600000,0x00000000d6680000)
 ParOldGen       total 68608K, used 68025K [0x0000000080000000, 0x0000000084300000, 0x00000000d5580000)
  object space 68608K, 99% used [0x0000000080000000,0x000000008426e5d8,0x0000000084300000)
 Metaspace       used 73562K, committed 75136K, reserved 1179648K
  class space    used 8629K, committed 9344K, reserved 1048576K
GC Heap History (20 events):
Event: 111.338 GC heap before
{Heap before GC invocations=44 (full 3):
 PSYoungGen      total 19456K, used 19200K [0x00000000d5580000, 0x00000000d6b00000, 0x0000000100000000)
  eden space 17408K, 100% used [0x00000000d5580000,0x00000000d6680000,0x00000000d6680000)
  from space 2048K, 87% used [0x00000000d6900000,0x00000000d6ac0000,0x00000000d6b00000)
  to   space 2048K, 0% used [0x00000000d6680000,0x00000000d6680000,0x00000000d6880000)
 ParOldGen       total 68608K, used 57986K [0x0000000080000000, 0x0000000084300000, 0x00000000d5580000)
  object space 68608K, 84% used [0x0000000080000000,0x00000000838a0910,0x0000000084300000)
 Metaspace       used 65072K, committed 66560K, reserved 1114112K
  class space    used 7769K, committed 8384K, reserved 1048576K
}
Event: 111.340 GC heap after
{Heap after GC invocations=44 (full 3):
 PSYoungGen      total 19456K, used 1764K [0x00000000d5580000, 0x00000000d6a80000, 0x0000000100000000)
  eden space 17408K, 0% used [0x00000000d5580000,0x00000000d5580000,0x00000000d6680000)
  from space 2048K, 86% used [0x00000000d6680000,0x00000000d6839000,0x00000000d6880000)
  to   space 2048K, 0% used [0x00000000d6880000,0x00000000d6880000,0x00000000d6a80000)
 ParOldGen       total 68608K, used 59584K [0x0000000080000000, 0x0000000084300000, 0x00000000d5580000)
  object space 68608K, 86% used [0x0000000080000000,0x0000000083a302c0,0x0000000084300000)
 Metaspace       used 65072K, committed 66560K, reserved 1114112K
  class space    used 7769K, committed 8384K, reserved 1048576K
}
Event: 111.380 GC heap before
{Heap before GC invocations=45 (full 3):
 PSYoungGen      total 19456K, used 19172K [0x00000000d5580000, 0x00000000d6a80000, 0x0000000100000000)
  eden space 17408K, 100% used [0x00000000d5580000,0x00000000d6680000,0x00000000d6680000)
  from space 2048K, 86% used [0x00000000d6680000,0x00000000d6839000,0x00000000d6880000)
  to   space 2048K, 0% used [0x00000000d6880000,0x00000000d6880000,0x00000000d6a80000)
 ParOldGen       total 68608K, used 59584K [0x0000000080000000, 0x0000000084300000, 0x00000000d5580000)
  object space 68608K, 86% used [0x0000000080000000,0x0000000083a302c0,0x0000000084300000)
 Metaspace       used 65083K, committed 66560K, reserved 1114112K
  class space    used 7769K, committed 8384K, reserved 1048576K
}
Event: 111.383 GC heap after
{Heap after GC invocations=45 (full 3):
 PSYoungGen      total 19456K, used 1792K [0x00000000d5580000, 0x00000000d6a80000, 0x0000000100000000)
  eden space 17408K, 0% used [0x00000000d5580000,0x00000000d5580000,0x00000000d6680000)
  from space 2048K, 87% used [0x00000000d6880000,0x00000000d6a40010,0x00000000d6a80000)
  to   space 2048K, 0% used [0x00000000d6680000,0x00000000d6680000,0x00000000d6880000)
 ParOldGen       total 68608K, used 61262K [0x0000000080000000, 0x0000000084300000, 0x00000000d5580000)
  object space 68608K, 89% used [0x0000000080000000,0x0000000083bd38e8,0x0000000084300000)
 Metaspace       used 65083K, committed 66560K, reserved 1114112K
  class space    used 7769K, committed 8384K, reserved 1048576K
}
Event: 111.425 GC heap before
{Heap before GC invocations=46 (full 3):
 PSYoungGen      total 19456K, used 19200K [0x00000000d5580000, 0x00000000d6a80000, 0x0000000100000000)
  eden space 17408K, 100% used [0x00000000d5580000,0x00000000d6680000,0x00000000d6680000)
  from space 2048K, 87% used [0x00000000d6880000,0x00000000d6a40010,0x00000000d6a80000)
  to   space 2048K, 0% used [0x00000000d6680000,0x00000000d6680000,0x00000000d6880000)
 ParOldGen       total 68608K, used 61262K [0x0000000080000000, 0x0000000084300000, 0x00000000d5580000)
  object space 68608K, 89% used [0x0000000080000000,0x0000000083bd38e8,0x0000000084300000)
 Metaspace       used 65123K, committed 66560K, reserved 1114112K
  class space    used 7772K, committed 8384K, reserved 1048576K
}
Event: 111.428 GC heap after
{Heap after GC invocations=46 (full 3):
 PSYoungGen      total 19456K, used 1624K [0x00000000d5580000, 0x00000000d6a80000, 0x0000000100000000)
  eden space 17408K, 0% used [0x00000000d5580000,0x00000000d5580000,0x00000000d6680000)
  from space 2048K, 79% used [0x00000000d6680000,0x00000000d6816200,0x00000000d6880000)
  to   space 2048K, 0% used [0x00000000d6880000,0x00000000d6880000,0x00000000d6a80000)
 ParOldGen       total 68608K, used 62958K [0x0000000080000000, 0x0000000084300000, 0x00000000d5580000)
  object space 68608K, 91% used [0x0000000080000000,0x0000000083d7b8f8,0x0000000084300000)
 Metaspace       used 65123K, committed 66560K, reserved 1114112K
  class space    used 7772K, committed 8384K, reserved 1048576K
}
Event: 111.513 GC heap before
{Heap before GC invocations=47 (full 3):
 PSYoungGen      total 19456K, used 19032K [0x00000000d5580000, 0x00000000d6a80000, 0x0000000100000000)
  eden space 17408K, 100% used [0x00000000d5580000,0x00000000d6680000,0x00000000d6680000)
  from space 2048K, 79% used [0x00000000d6680000,0x00000000d6816200,0x00000000d6880000)
  to   space 2048K, 0% used [0x00000000d6880000,0x00000000d6880000,0x00000000d6a80000)
 ParOldGen       total 68608K, used 62958K [0x0000000080000000, 0x0000000084300000, 0x00000000d5580000)
  object space 68608K, 91% used [0x0000000080000000,0x0000000083d7b8f8,0x0000000084300000)
 Metaspace       used 65435K, committed 66944K, reserved 1114112K
  class space    used 7807K, committed 8448K, reserved 1048576K
}
Event: 111.515 GC heap after
{Heap after GC invocations=47 (full 3):
 PSYoungGen      total 19456K, used 1472K [0x00000000d5580000, 0x00000000d6a80000, 0x0000000100000000)
  eden space 17408K, 0% used [0x00000000d5580000,0x00000000d5580000,0x00000000d6680000)
  from space 2048K, 71% used [0x00000000d6880000,0x00000000d69f0020,0x00000000d6a80000)
  to   space 2048K, 0% used [0x00000000d6680000,0x00000000d6680000,0x00000000d6880000)
 ParOldGen       total 68608K, used 64438K [0x0000000080000000, 0x0000000084300000, 0x00000000d5580000)
  object space 68608K, 93% used [0x0000000080000000,0x0000000083eedaf8,0x0000000084300000)
 Metaspace       used 65435K, committed 66944K, reserved 1114112K
  class space    used 7807K, committed 8448K, reserved 1048576K
}
Event: 354.212 GC heap before
{Heap before GC invocations=48 (full 3):
 PSYoungGen      total 19456K, used 18880K [0x00000000d5580000, 0x00000000d6a80000, 0x0000000100000000)
  eden space 17408K, 99% used [0x00000000d5580000,0x00000000d667ffe8,0x00000000d6680000)
  from space 2048K, 71% used [0x00000000d6880000,0x00000000d69f0020,0x00000000d6a80000)
  to   space 2048K, 0% used [0x00000000d6680000,0x00000000d6680000,0x00000000d6880000)
 ParOldGen       total 68608K, used 64438K [0x0000000080000000, 0x0000000084300000, 0x00000000d5580000)
  object space 68608K, 93% used [0x0000000080000000,0x0000000083eedaf8,0x0000000084300000)
 Metaspace       used 67466K, committed 69056K, reserved 1114112K
  class space    used 8047K, committed 8704K, reserved 1048576K
}
Event: 354.215 GC heap after
{Heap after GC invocations=48 (full 3):
 PSYoungGen      total 18944K, used 1220K [0x00000000d5580000, 0x00000000d6980000, 0x0000000100000000)
  eden space 17408K, 0% used [0x00000000d5580000,0x00000000d5580000,0x00000000d6680000)
  from space 1536K, 79% used [0x00000000d6680000,0x00000000d67b1308,0x00000000d6800000)
  to   space 1536K, 0% used [0x00000000d6800000,0x00000000d6800000,0x00000000d6980000)
 ParOldGen       total 68608K, used 65741K [0x0000000080000000, 0x0000000084300000, 0x00000000d5580000)
  object space 68608K, 95% used [0x0000000080000000,0x0000000084033578,0x0000000084300000)
 Metaspace       used 67466K, committed 69056K, reserved 1114112K
  class space    used 8047K, committed 8704K, reserved 1048576K
}
Event: 355.211 GC heap before
{Heap before GC invocations=49 (full 3):
 PSYoungGen      total 18944K, used 18495K [0x00000000d5580000, 0x00000000d6980000, 0x0000000100000000)
  eden space 17408K, 99% used [0x00000000d5580000,0x00000000d665ecd8,0x00000000d6680000)
  from space 1536K, 79% used [0x00000000d6680000,0x00000000d67b1308,0x00000000d6800000)
  to   space 1536K, 0% used [0x00000000d6800000,0x00000000d6800000,0x00000000d6980000)
 ParOldGen       total 68608K, used 65741K [0x0000000080000000, 0x0000000084300000, 0x00000000d5580000)
  object space 68608K, 95% used [0x0000000080000000,0x0000000084033578,0x0000000084300000)
 Metaspace       used 68922K, committed 70464K, reserved 1114112K
  class space    used 8178K, committed 8832K, reserved 1048576K
}
Event: 355.214 GC heap after
{Heap after GC invocations=49 (full 3):
 PSYoungGen      total 16896K, used 1523K [0x00000000d5580000, 0x00000000d6d80000, 0x0000000100000000)
  eden space 15360K, 0% used [0x00000000d5580000,0x00000000d5580000,0x00000000d6480000)
  from space 1536K, 99% used [0x00000000d6800000,0x00000000d697ce80,0x00000000d6980000)
  to   space 3584K, 0% used [0x00000000d6480000,0x00000000d6480000,0x00000000d6800000)
 ParOldGen       total 68608K, used 67043K [0x0000000080000000, 0x0000000084300000, 0x00000000d5580000)
  object space 68608K, 97% used [0x0000000080000000,0x0000000084178f58,0x0000000084300000)
 Metaspace       used 68922K, committed 70464K, reserved 1114112K
  class space    used 8178K, committed 8832K, reserved 1048576K
}
Event: 356.370 GC heap before
{Heap before GC invocations=50 (full 3):
 PSYoungGen      total 16896K, used 16883K [0x00000000d5580000, 0x00000000d6d80000, 0x0000000100000000)
  eden space 15360K, 100% used [0x00000000d5580000,0x00000000d6480000,0x00000000d6480000)
  from space 1536K, 99% used [0x00000000d6800000,0x00000000d697ce80,0x00000000d6980000)
  to   space 3584K, 0% used [0x00000000d6480000,0x00000000d6480000,0x00000000d6800000)
 ParOldGen       total 68608K, used 67043K [0x0000000080000000, 0x0000000084300000, 0x00000000d5580000)
  object space 68608K, 97% used [0x0000000080000000,0x0000000084178f58,0x0000000084300000)
 Metaspace       used 68940K, committed 70528K, reserved 1114112K
  class space    used 8178K, committed 8832K, reserved 1048576K
}
Event: 356.382 GC heap after
{Heap after GC invocations=50 (full 3):
 PSYoungGen      total 16384K, used 1014K [0x00000000d5580000, 0x00000000d6880000, 0x0000000100000000)
  eden space 15360K, 0% used [0x00000000d5580000,0x00000000d5580000,0x00000000d6480000)
  from space 1024K, 99% used [0x00000000d6480000,0x00000000d657d9c0,0x00000000d6580000)
  to   space 2048K, 0% used [0x00000000d6680000,0x00000000d6680000,0x00000000d6880000)
 ParOldGen       total 68608K, used 67705K [0x0000000080000000, 0x0000000084300000, 0x00000000d5580000)
  object space 68608K, 98% used [0x0000000080000000,0x000000008421e5d8,0x0000000084300000)
 Metaspace       used 68940K, committed 70528K, reserved 1114112K
  class space    used 8178K, committed 8832K, reserved 1048576K
}
Event: 356.832 GC heap before
{Heap before GC invocations=51 (full 3):
 PSYoungGen      total 16384K, used 16374K [0x00000000d5580000, 0x00000000d6880000, 0x0000000100000000)
  eden space 15360K, 100% used [0x00000000d5580000,0x00000000d6480000,0x00000000d6480000)
  from space 1024K, 99% used [0x00000000d6480000,0x00000000d657d9c0,0x00000000d6580000)
  to   space 2048K, 0% used [0x00000000d6680000,0x00000000d6680000,0x00000000d6880000)
 ParOldGen       total 68608K, used 67705K [0x0000000080000000, 0x0000000084300000, 0x00000000d5580000)
  object space 68608K, 98% used [0x0000000080000000,0x000000008421e5d8,0x0000000084300000)
 Metaspace       used 69575K, committed 71168K, reserved 1114112K
  class space    used 8235K, committed 8896K, reserved 1048576K
}
Event: 356.834 GC heap after
{Heap after GC invocations=51 (full 3):
 PSYoungGen      total 15872K, used 224K [0x00000000d5580000, 0x00000000d6700000, 0x0000000100000000)
  eden space 15360K, 0% used [0x00000000d5580000,0x00000000d5580000,0x00000000d6480000)
  from space 512K, 43% used [0x00000000d6680000,0x00000000d66b8000,0x00000000d6700000)
  to   space 1024K, 0% used [0x00000000d6500000,0x00000000d6500000,0x00000000d6600000)
 ParOldGen       total 68608K, used 67729K [0x0000000080000000, 0x0000000084300000, 0x00000000d5580000)
  object space 68608K, 98% used [0x0000000080000000,0x00000000842245d8,0x0000000084300000)
 Metaspace       used 69575K, committed 71168K, reserved 1114112K
  class space    used 8235K, committed 8896K, reserved 1048576K
}
Event: 358.903 GC heap before
{Heap before GC invocations=52 (full 3):
 PSYoungGen      total 15872K, used 15584K [0x00000000d5580000, 0x00000000d6700000, 0x0000000100000000)
  eden space 15360K, 100% used [0x00000000d5580000,0x00000000d6480000,0x00000000d6480000)
  from space 512K, 43% used [0x00000000d6680000,0x00000000d66b8000,0x00000000d6700000)
  to   space 1024K, 0% used [0x00000000d6500000,0x00000000d6500000,0x00000000d6600000)
 ParOldGen       total 68608K, used 67729K [0x0000000080000000, 0x0000000084300000, 0x00000000d5580000)
  object space 68608K, 98% used [0x0000000080000000,0x00000000842245d8,0x0000000084300000)
 Metaspace       used 70438K, committed 72000K, reserved 1114112K
  class space    used 8354K, committed 9024K, reserved 1048576K
}
Event: 358.903 GC heap after
{Heap after GC invocations=52 (full 3):
 PSYoungGen      total 16384K, used 448K [0x00000000d5580000, 0x00000000d6700000, 0x0000000100000000)
  eden space 15360K, 0% used [0x00000000d5580000,0x00000000d5580000,0x00000000d6480000)
  from space 1024K, 43% used [0x00000000d6500000,0x00000000d6570010,0x00000000d6600000)
  to   space 512K, 0% used [0x00000000d6680000,0x00000000d6680000,0x00000000d6700000)
 ParOldGen       total 68608K, used 67793K [0x0000000080000000, 0x0000000084300000, 0x00000000d5580000)
  object space 68608K, 98% used [0x0000000080000000,0x00000000842345d8,0x0000000084300000)
 Metaspace       used 70438K, committed 72000K, reserved 1114112K
  class space    used 8354K, committed 9024K, reserved 1048576K
}
Event: 361.330 GC heap before
{Heap before GC invocations=53 (full 3):
 PSYoungGen      total 16384K, used 15808K [0x00000000d5580000, 0x00000000d6700000, 0x0000000100000000)
  eden space 15360K, 100% used [0x00000000d5580000,0x00000000d6480000,0x00000000d6480000)
  from space 1024K, 43% used [0x00000000d6500000,0x00000000d6570010,0x00000000d6600000)
  to   space 512K, 0% used [0x00000000d6680000,0x00000000d6680000,0x00000000d6700000)
 ParOldGen       total 68608K, used 67793K [0x0000000080000000, 0x0000000084300000, 0x00000000d5580000)
  object space 68608K, 98% used [0x0000000080000000,0x00000000842345d8,0x0000000084300000)
 Metaspace       used 71282K, committed 72832K, reserved 1114112K
  class space    used 8443K, committed 9088K, reserved 1048576K
}
Event: 361.331 GC heap after
{Heap after GC invocations=53 (full 3):
 PSYoungGen      total 15872K, used 288K [0x00000000d5580000, 0x00000000d6700000, 0x0000000100000000)
  eden space 15360K, 0% used [0x00000000d5580000,0x00000000d5580000,0x00000000d6480000)
  from space 512K, 56% used [0x00000000d6680000,0x00000000d66c8000,0x00000000d6700000)
  to   space 512K, 0% used [0x00000000d6600000,0x00000000d6600000,0x00000000d6680000)
 ParOldGen       total 68608K, used 68025K [0x0000000080000000, 0x0000000084300000, 0x00000000d5580000)
  object space 68608K, 99% used [0x0000000080000000,0x000000008426e5d8,0x0000000084300000)
 Metaspace       used 71282K, committed 72832K, reserved 1114112K
  class space    used 8443K, committed 9088K, reserved 1048576K
}

