# JRE version: OpenJDK Runtime Environment (21.0.5) (build 21.0.5+-12932927-b750.29)
# Java VM: OpenJDK 64-Bit Server VM (21.0.5+-12932927-b750.29, mixed mode, tiered, compressed oops, compressed class ptrs, g1 gc, windows-amd64)
GC Precious Log:
 CardTable entry size: 512
 Card Set container configuration: InlinePtr #cards 4 size 8 Array Of Cards #cards 32 size 80 Howl #buckets 8 coarsen threshold 7372 Howl Bitmap #cards 1024 size 144 coarsen threshold 921 Card regions per heap region 1 cards per card region 8192
 CPUs: 12 total, 12 available
 Memory: 16248M
 Large Page Support: Disabled
 NUMA Support: Disabled
 Compressed Oops: Enabled (Zero based)
 Heap Region Size: 4M
 Heap Min Capacity: 8M
 Heap Initial Capacity: 256M
 Heap Max Capacity: 8G
 Pre-touch: Disabled
 Parallel Workers: 10
 Concurrent Workers: 3
 Concurrent Refinement Workers: 10
 Periodic GC: Disabled
Heap:
 garbage-first heap   total 937984K, used 616614K [0x0000000600000000, 0x0000000800000000)
  region size 4096K, 4 young (16384K), 4 survivors (16384K)
 Metaspace       used 216186K, committed 219136K, reserved 1245184K
  class space    used 27661K, committed 29632K, reserved 1048576K
GC Heap History (20 events):
Event: 9156.491 GC heap after
{Heap after GC invocations=122 (full 1):
 garbage-first heap   total 794624K, used 395902K [0x0000000600000000, 0x0000000800000000)
  region size 4096K, 6 young (24576K), 6 survivors (24576K)
 Metaspace       used 214857K, committed 217920K, reserved 1245184K
  class space    used 27583K, committed 29632K, reserved 1048576K
}
Event: 9159.790 GC heap before
{Heap before GC invocations=123 (full 1):
 garbage-first heap   total 794624K, used 662142K [0x0000000600000000, 0x0000000800000000)
  region size 4096K, 80 young (327680K), 6 survivors (24576K)
 Metaspace       used 215154K, committed 218176K, reserved 1245184K
  class space    used 27613K, committed 29632K, reserved 1048576K
}
Event: 9159.824 GC heap after
{Heap after GC invocations=124 (full 1):
 garbage-first heap   total 794624K, used 385647K [0x0000000600000000, 0x0000000800000000)
  region size 4096K, 10 young (40960K), 10 survivors (40960K)
 Metaspace       used 215154K, committed 218176K, reserved 1245184K
  class space    used 27613K, committed 29632K, reserved 1048576K
}
Event: 9162.120 GC heap before
{Heap before GC invocations=124 (full 1):
 garbage-first heap   total 794624K, used 688751K [0x0000000600000000, 0x0000000800000000)
  region size 4096K, 86 young (352256K), 10 survivors (40960K)
 Metaspace       used 215303K, committed 218304K, reserved 1245184K
  class space    used 27622K, committed 29632K, reserved 1048576K
}
Event: 9162.164 GC heap after
{Heap after GC invocations=125 (full 1):
 garbage-first heap   total 794624K, used 342526K [0x0000000600000000, 0x0000000800000000)
  region size 4096K, 4 young (16384K), 4 survivors (16384K)
 Metaspace       used 215303K, committed 218304K, reserved 1245184K
  class space    used 27622K, committed 29632K, reserved 1048576K
}
Event: 9164.023 GC heap before
{Heap before GC invocations=125 (full 1):
 garbage-first heap   total 794624K, used 694782K [0x0000000600000000, 0x0000000800000000)
  region size 4096K, 90 young (368640K), 4 survivors (16384K)
 Metaspace       used 215600K, committed 218560K, reserved 1245184K
  class space    used 27627K, committed 29632K, reserved 1048576K
}
Event: 9164.035 GC heap after
{Heap after GC invocations=126 (full 1):
 garbage-first heap   total 794624K, used 346143K [0x0000000600000000, 0x0000000800000000)
  region size 4096K, 5 young (20480K), 5 survivors (20480K)
 Metaspace       used 215600K, committed 218560K, reserved 1245184K
  class space    used 27627K, committed 29632K, reserved 1048576K
}
Event: 9166.273 GC heap before
{Heap before GC invocations=127 (full 1):
 garbage-first heap   total 794624K, used 710687K [0x0000000600000000, 0x0000000800000000)
  region size 4096K, 94 young (385024K), 5 survivors (20480K)
 Metaspace       used 215680K, committed 218688K, reserved 1245184K
  class space    used 27627K, committed 29632K, reserved 1048576K
}
Event: 9166.290 GC heap after
{Heap after GC invocations=128 (full 1):
 garbage-first heap   total 794624K, used 345109K [0x0000000600000000, 0x0000000800000000)
  region size 4096K, 5 young (20480K), 5 survivors (20480K)
 Metaspace       used 215680K, committed 218688K, reserved 1245184K
  class space    used 27627K, committed 29632K, reserved 1048576K
}
Event: 9169.321 GC heap before
{Heap before GC invocations=128 (full 1):
 garbage-first heap   total 794624K, used 713749K [0x0000000600000000, 0x0000000800000000)
  region size 4096K, 95 young (389120K), 5 survivors (20480K)
 Metaspace       used 216044K, committed 219008K, reserved 1245184K
  class space    used 27647K, committed 29632K, reserved 1048576K
}
Event: 9169.337 GC heap after
{Heap after GC invocations=129 (full 1):
 garbage-first heap   total 794624K, used 345441K [0x0000000600000000, 0x0000000800000000)
  region size 4096K, 6 young (24576K), 6 survivors (24576K)
 Metaspace       used 216044K, committed 219008K, reserved 1245184K
  class space    used 27647K, committed 29632K, reserved 1048576K
}
Event: 9170.024 GC heap before
{Heap before GC invocations=129 (full 1):
 garbage-first heap   total 794624K, used 370017K [0x0000000600000000, 0x0000000800000000)
  region size 4096K, 14 young (57344K), 6 survivors (24576K)
 Metaspace       used 216081K, committed 219008K, reserved 1245184K
  class space    used 27653K, committed 29632K, reserved 1048576K
}
Event: 9170.036 GC heap after
{Heap after GC invocations=130 (full 1):
 garbage-first heap   total 794624K, used 341358K [0x0000000600000000, 0x0000000800000000)
  region size 4096K, 5 young (20480K), 5 survivors (20480K)
 Metaspace       used 216081K, committed 219008K, reserved 1245184K
  class space    used 27653K, committed 29632K, reserved 1048576K
}
Event: 9171.910 GC heap before
{Heap before GC invocations=131 (full 1):
 garbage-first heap   total 794624K, used 750958K [0x0000000600000000, 0x0000000800000000)
  region size 4096K, 97 young (397312K), 5 survivors (20480K)
 Metaspace       used 216130K, committed 219072K, reserved 1245184K
  class space    used 27657K, committed 29632K, reserved 1048576K
}
Event: 9172.035 GC heap after
{Heap after GC invocations=132 (full 1):
 garbage-first heap   total 937984K, used 518632K [0x0000000600000000, 0x0000000800000000)
  region size 4096K, 13 young (53248K), 13 survivors (53248K)
 Metaspace       used 216130K, committed 219072K, reserved 1245184K
  class space    used 27657K, committed 29632K, reserved 1048576K
}
Event: 9172.041 GC heap before
{Heap before GC invocations=132 (full 1):
 garbage-first heap   total 937984K, used 522728K [0x0000000600000000, 0x0000000800000000)
  region size 4096K, 14 young (57344K), 13 survivors (53248K)
 Metaspace       used 216130K, committed 219072K, reserved 1245184K
  class space    used 27657K, committed 29632K, reserved 1048576K
}
Event: 9172.086 GC heap after
{Heap after GC invocations=133 (full 1):
 garbage-first heap   total 937984K, used 529641K [0x0000000600000000, 0x0000000800000000)
  region size 4096K, 2 young (8192K), 2 survivors (8192K)
 Metaspace       used 216130K, committed 219072K, reserved 1245184K
  class space    used 27657K, committed 29632K, reserved 1048576K
}
Event: 9173.615 GC heap before
{Heap before GC invocations=133 (full 1):
 garbage-first heap   total 937984K, used 783593K [0x0000000600000000, 0x0000000800000000)
  region size 4096K, 65 young (266240K), 2 survivors (8192K)
 Metaspace       used 216178K, committed 219136K, reserved 1245184K
  class space    used 27661K, committed 29632K, reserved 1048576K
}
Event: 9173.671 GC heap after
{Heap after GC invocations=134 (full 1):
 garbage-first heap   total 937984K, used 596306K [0x0000000600000000, 0x0000000800000000)
  region size 4096K, 9 young (36864K), 9 survivors (36864K)
 Metaspace       used 216178K, committed 219136K, reserved 1245184K
  class space    used 27661K, committed 29632K, reserved 1048576K
}
Event: 9175.658 GC heap before
{Heap before GC invocations=134 (full 1):
 garbage-first heap   total 937984K, used 792914K [0x0000000600000000, 0x0000000800000000)
  region size 4096K, 58 young (237568K), 9 survivors (36864K)
 Metaspace       used 216186K, committed 219136K, reserved 1245184K
  class space    used 27661K, committed 29632K, reserved 1048576K
}

