SF:lib\main.dart
DA:14,0
DA:15,0
DA:16,0
DA:17,0
DA:18,0
DA:26,1
DA:28,1
DA:30,1
DA:31,1
DA:32,1
DA:33,4
DA:35,1
DA:36,1
DA:37,1
DA:41,1
DA:42,1
DA:43,1
DA:44,1
DA:45,1
LF:19
LH:14
end_of_record
SF:lib\core\theme\app_text_styles.dart
DA:5,0
DA:10,0
DA:15,0
DA:20,0
DA:25,0
DA:30,0
DA:35,0
DA:40,0
DA:45,0
LF:9
LH:0
end_of_record
SF:lib\core\theme\app_theme.dart
DA:7,1
DA:8,1
DA:9,1
DA:22,3
DA:37,1
DA:40,1
DA:41,1
DA:45,1
DA:49,1
DA:50,1
DA:53,1
DA:54,1
DA:57,1
DA:58,1
DA:61,1
DA:62,1
DA:70,1
DA:71,1
DA:75,1
DA:76,1
DA:91,1
DA:93,2
DA:95,1
DA:98,2
DA:111,1
DA:112,1
DA:113,0
DA:117,1
DA:118,0
DA:119,0
DA:126,1
DA:127,1
DA:128,1
DA:141,3
DA:153,1
DA:156,2
DA:158,1
DA:161,1
DA:162,1
DA:165,1
DA:166,1
DA:169,1
DA:170,1
DA:174,1
DA:175,1
DA:179,1
DA:180,1
LF:47
LH:44
end_of_record
SF:lib\core\utils\currency_formatter.dart
DA:5,0
DA:10,0
DA:11,0
DA:14,0
DA:15,0
DA:16,0
DA:18,0
DA:20,0
DA:21,0
DA:22,0
LF:10
LH:0
end_of_record
SF:lib\core\utils\date_formatter.dart
DA:5,0
DA:6,0
DA:8,0
DA:9,0
DA:11,0
DA:12,0
DA:14,0
DA:15,0
DA:17,0
DA:18,0
DA:20,0
DA:21,0
DA:23,0
DA:25,0
DA:26,0
DA:27,0
DA:28,0
DA:31,0
DA:32,0
DA:33,0
DA:36,0
DA:37,0
DA:38,0
DA:39,0
DA:40,0
LF:25
LH:0
end_of_record
SF:lib\data\models\goal_model.dart
DA:16,0
DA:28,0
DA:29,0
DA:30,0
DA:31,0
DA:32,0
DA:33,0
DA:34,0
DA:36,0
DA:37,0
DA:38,0
DA:39,0
DA:40,0
DA:41,0
DA:42,0
DA:43,0
DA:44,0
DA:45,0
DA:48,0
DA:49,0
DA:50,0
DA:51,0
DA:52,0
DA:53,0
DA:54,0
DA:55,0
DA:56,0
DA:57,0
DA:60,0
DA:71,0
DA:72,0
DA:73,0
DA:74,0
DA:75,0
DA:76,0
DA:77,0
DA:78,0
DA:79,0
DA:80,0
DA:83,0
DA:85,0
LF:41
LH:0
end_of_record
SF:lib\data\models\transaction_model.dart
DA:15,0
DA:26,0
DA:27,0
DA:29,0
DA:30,0
DA:31,0
DA:32,0
DA:33,0
DA:34,0
DA:35,0
DA:36,0
DA:37,0
DA:40,0
DA:41,0
DA:42,0
DA:43,0
DA:44,0
DA:45,0
DA:46,0
DA:47,0
DA:48,0
DA:49,0
DA:52,0
DA:62,0
DA:63,0
DA:64,0
DA:65,0
DA:66,0
DA:67,0
DA:68,0
DA:69,0
DA:70,0
DA:73,0
DA:75,0
LF:34
LH:0
end_of_record
SF:lib\data\models\user_model.dart
DA:12,0
DA:22,0
DA:23,0
DA:24,0
DA:25,0
DA:26,0
DA:27,0
DA:28,0
DA:29,0
DA:32,0
DA:33,0
DA:34,0
DA:35,0
DA:36,0
DA:37,0
DA:38,0
DA:39,0
DA:42,0
DA:51,0
DA:52,0
DA:53,0
DA:54,0
DA:55,0
DA:56,0
DA:57,0
DA:58,0
DA:61,0
DA:63,0
LF:28
LH:0
end_of_record
SF:lib\data\repositories\auth_repository.dart
DA:11,0
DA:12,0
DA:13,0
DA:14,0
DA:20,0
DA:21,0
DA:22,0
DA:27,0
DA:34,0
DA:35,0
DA:38,0
DA:42,0
DA:44,0
DA:48,0
DA:51,0
DA:53,0
DA:54,0
DA:55,0
DA:58,0
DA:59,0
DA:61,0
DA:64,0
DA:69,0
DA:70,0
DA:71,0
DA:72,0
DA:73,0
DA:74,0
DA:77,0
DA:78,0
DA:81,0
DA:82,0
DA:85,0
DA:91,0
DA:95,0
DA:97,0
DA:101,0
DA:102,0
DA:103,0
DA:105,0
DA:106,0
DA:108,0
DA:111,0
DA:113,0
DA:116,0
DA:122,0
DA:123,0
DA:124,0
DA:127,0
DA:128,0
DA:129,0
DA:130,0
DA:131,0
DA:132,0
DA:135,0
DA:137,0
DA:138,0
DA:141,0
DA:142,0
DA:143,0
DA:144,0
DA:145,0
DA:147,0
DA:148,0
DA:149,0
DA:150,0
DA:152,0
DA:153,0
DA:154,0
DA:159,0
DA:160,0
DA:163,0
DA:166,0
DA:168,0
DA:169,0
DA:172,0
DA:173,0
DA:174,0
DA:175,0
DA:178,0
DA:179,0
DA:180,0
DA:182,0
DA:184,0
DA:187,0
DA:189,0
DA:190,0
DA:191,0
DA:192,0
DA:193,0
DA:194,0
DA:195,0
LF:92
LH:0
end_of_record
SF:lib\data\services\database_helper.dart
DA:5,3
DA:8,1
DA:10,0
DA:12,0
DA:16,0
DA:17,0
DA:18,0
DA:19,0
DA:22,0
DA:26,0
DA:28,0
DA:41,0
DA:56,0
DA:71,0
DA:72,0
DA:73,0
LF:16
LH:2
end_of_record
SF:lib\data\repositories\goal_repository.dart
DA:9,0
DA:10,0
DA:12,0
DA:14,0
DA:15,0
DA:17,0
DA:20,0
DA:21,0
DA:22,0
DA:23,0
DA:24,0
DA:26,0
DA:32,0
DA:33,0
DA:34,0
DA:36,0
DA:40,0
DA:42,0
DA:46,0
DA:47,0
DA:49,0
DA:50,0
DA:53,0
DA:55,0
DA:58,0
DA:59,0
DA:60,0
DA:61,0
DA:62,0
DA:63,0
DA:64,0
DA:66,0
DA:70,0
DA:71,0
DA:72,0
DA:75,0
DA:76,0
DA:77,0
DA:79,0
DA:81,0
DA:84,0
DA:86,0
DA:90,0
DA:91,0
DA:92,0
DA:94,0
DA:96,0
DA:100,0
DA:101,0
DA:103,0
DA:104,0
DA:105,0
DA:107,0
DA:108,0
DA:109,0
DA:112,0
DA:113,0
DA:115,0
DA:117,0
DA:119,0
DA:121,0
DA:124,0
DA:126,0
DA:128,0
LF:64
LH:0
end_of_record
SF:lib\data\repositories\transaction_repository.dart
DA:9,0
DA:10,0
DA:12,0
DA:14,0
DA:15,0
DA:17,0
DA:20,0
DA:23,0
DA:24,0
DA:25,0
DA:26,0
DA:28,0
DA:34,0
DA:35,0
DA:36,0
DA:38,0
DA:42,0
DA:44,0
DA:48,0
DA:49,0
DA:51,0
DA:52,0
DA:53,0
DA:56,0
DA:57,0
DA:58,0
DA:59,0
DA:60,0
DA:61,0
DA:62,0
DA:64,0
DA:68,0
DA:69,0
DA:70,0
DA:72,0
DA:74,0
DA:77,0
DA:79,0
DA:83,0
DA:84,0
DA:85,0
DA:87,0
DA:89,0
DA:93,0
DA:94,0
DA:96,0
DA:97,0
DA:98,0
DA:99,0
DA:104,0
DA:105,0
DA:107,0
DA:108,0
DA:109,0
DA:110,0
DA:115,0
DA:116,0
DA:117,0
DA:118,0
DA:121,0
DA:122,0
DA:123,0
DA:124,0
DA:125,0
DA:127,0
DA:128,0
DA:129,0
DA:130,0
DA:132,0
DA:135,0
DA:136,0
DA:137,0
DA:138,0
DA:139,0
DA:140,0
DA:141,0
DA:142,0
DA:147,0
DA:148,0
DA:149,0
DA:150,0
DA:152,0
DA:153,0
DA:154,0
DA:155,0
DA:156,0
DA:158,0
DA:159,0
DA:160,0
DA:161,0
DA:162,0
DA:164,0
DA:166,0
DA:167,0
DA:172,0
DA:173,0
DA:174,0
DA:176,0
DA:177,0
DA:178,0
DA:179,0
DA:180,0
DA:182,0
DA:185,0
DA:186,0
DA:187,0
DA:188,0
DA:190,0
DA:191,0
DA:192,0
DA:193,0
DA:194,0
DA:195,0
LF:113
LH:0
end_of_record
SF:lib\firebase_options.dart
DA:18,0
DA:22,0
DA:23,0
DA:25,0
DA:27,0
DA:29,0
DA:31,0
DA:32,0
DA:37,0
LF:9
LH:0
end_of_record
SF:lib\logic\auth\auth_cubit.dart
DA:9,0
DA:12,0
DA:13,0
DA:15,0
DA:17,0
DA:19,0
DA:22,0
DA:26,0
DA:33,0
DA:35,0
DA:42,0
DA:44,0
DA:48,0
DA:52,0
DA:54,0
DA:55,0
DA:57,0
DA:61,0
DA:62,0
DA:63,0
DA:66,0
DA:70,0
DA:71,0
DA:73,0
DA:75,0
DA:77,0
DA:78,0
DA:80,0
DA:84,0
DA:85,0
DA:86,0
DA:92,0
LF:32
LH:0
end_of_record
SF:lib\logic\auth\auth_state.dart
DA:5,0
DA:6,0
DA:7,0
DA:15,0
DA:16,0
DA:17,0
DA:24,0
DA:25,0
DA:26,0
LF:9
LH:0
end_of_record
SF:lib\logic\goal\goal_cubit.dart
DA:12,0
DA:14,0
DA:15,0
DA:18,0
DA:19,0
DA:21,0
DA:22,0
DA:23,0
DA:25,0
DA:29,0
DA:36,0
DA:37,0
DA:38,0
DA:42,0
DA:47,0
DA:48,0
DA:50,0
DA:54,0
DA:59,0
DA:60,0
DA:63,0
DA:64,0
DA:65,0
DA:68,0
DA:69,0
DA:72,0
DA:73,0
DA:77,0
DA:78,0
DA:80,0
DA:84,0
DA:86,0
DA:87,0
DA:89,0
LF:34
LH:0
end_of_record
SF:lib\logic\goal\goal_state.dart
DA:5,1
DA:6,0
DA:7,0
DA:17,0
DA:22,0
DA:23,0
DA:25,0
DA:26,0
DA:28,0
DA:29,0
DA:34,1
DA:35,0
DA:36,0
LF:13
LH:2
end_of_record
SF:lib\logic\insights\insights_cubit.dart
DA:8,0
DA:10,0
DA:11,0
DA:13,0
DA:14,0
DA:15,0
DA:16,0
DA:17,0
DA:22,0
DA:23,0
DA:29,0
DA:38,0
LF:12
LH:0
end_of_record
SF:lib\logic\insights\insights_state.dart
DA:4,0
DA:5,0
DA:6,0
DA:20,0
DA:29,0
DA:30,0
DA:32,0
DA:33,0
DA:34,0
DA:35,0
DA:36,0
DA:37,0
DA:38,0
DA:39,0
DA:45,0
DA:46,0
DA:47,0
LF:17
LH:0
end_of_record
SF:lib\logic\theme\theme_cubit.dart
DA:9,1
DA:10,1
DA:11,2
DA:14,0
DA:15,0
DA:16,0
LF:6
LH:3
end_of_record
SF:lib\logic\transaction\transaction_cubit.dart
DA:14,0
DA:17,0
DA:18,0
DA:19,0
DA:23,0
DA:24,0
DA:27,0
DA:28,0
DA:30,0
DA:31,0
DA:32,0
DA:33,0
DA:34,0
DA:39,0
DA:42,0
DA:46,0
DA:55,0
DA:56,0
DA:57,0
DA:65,0
DA:66,0
DA:68,0
DA:72,0
DA:74,0
DA:75,0
DA:77,0
DA:81,0
DA:83,0
DA:84,0
DA:86,0
DA:90,0
DA:95,0
DA:96,0
DA:97,0
DA:98,0
DA:100,0
DA:102,0
DA:103,0
DA:105,0
DA:106,0
DA:107,0
DA:108,0
DA:109,0
LF:43
LH:0
end_of_record
SF:lib\logic\transaction\transaction_state.dart
DA:5,0
DA:6,0
DA:7,0
DA:20,0
DA:28,0
DA:30,0
DA:35,0
DA:36,0
DA:37,0
LF:9
LH:0
end_of_record
SF:lib\presentation\shared\navigation\auth_wrapper.dart
DA:15,1
DA:21,1
DA:22,1
DA:30,1
DA:32,1
DA:33,1
DA:36,1
DA:37,1
DA:38,1
DA:39,2
DA:40,1
DA:41,1
DA:43,1
DA:45,0
DA:46,0
DA:47,0
DA:50,3
DA:54,0
DA:55,0
DA:56,0
DA:57,0
DA:59,0
DA:60,0
DA:61,0
DA:65,1
DA:68,1
DA:73,0
DA:74,0
DA:78,0
DA:79,0
DA:80,0
DA:81,0
DA:82,0
DA:83,0
DA:84,0
DA:94,1
DA:96,1
DA:98,1
DA:100,1
DA:101,1
DA:103,1
DA:104,1
DA:107,1
DA:108,1
DA:109,1
LF:45
LH:26
end_of_record
SF:lib\presentation\screens\auth\login_screen.dart
DA:14,1
DA:16,0
DA:17,0
DA:31,0
DA:33,0
DA:34,0
DA:38,0
DA:39,0
DA:42,0
DA:43,0
DA:46,0
DA:48,0
DA:49,0
DA:50,0
DA:51,0
DA:54,0
DA:56,0
DA:58,0
DA:59,0
DA:60,0
DA:61,0
DA:62,0
DA:63,0
DA:64,0
DA:65,0
DA:66,0
DA:67,0
DA:68,0
DA:75,0
DA:80,0
DA:81,0
DA:88,0
DA:89,0
DA:90,0
DA:92,0
DA:95,0
DA:96,0
DA:97,0
DA:98,0
DA:100,0
DA:105,0
DA:108,0
DA:109,0
DA:110,0
DA:111,0
DA:113,0
DA:118,0
DA:119,0
DA:120,0
DA:121,0
DA:126,0
DA:127,0
DA:128,0
DA:130,0
DA:131,0
DA:132,0
DA:133,0
DA:134,0
DA:135,0
DA:136,0
DA:137,0
DA:139,0
DA:141,0
DA:143,0
DA:146,0
DA:152,0
DA:153,0
DA:156,0
DA:163,0
DA:166,0
DA:171,0
DA:172,0
DA:173,0
DA:174,0
DA:176,0
DA:177,0
DA:184,0
DA:185,0
DA:188,0
DA:195,0
DA:197,0
DA:198,0
DA:201,0
DA:221,0
DA:222,0
DA:224,0
DA:225,0
DA:228,0
DA:234,0
DA:235,0
DA:236,0
DA:237,0
DA:250,0
DA:252,0
DA:257,0
DA:258,0
DA:260,0
DA:261,0
DA:262,0
DA:263,0
DA:264,0
DA:265,0
DA:266,0
DA:267,0
DA:270,0
DA:271,0
DA:275,0
DA:277,0
DA:287,0
DA:288,0
DA:289,0
DA:290,0
DA:291,0
DA:292,0
LF:114
LH:1
end_of_record
SF:lib\presentation\shared\widgets\custom_button.dart
DA:11,0
DA:20,0
DA:22,0
DA:25,0
DA:26,0
DA:27,0
DA:28,0
DA:29,0
DA:30,0
DA:34,0
DA:43,0
DA:45,0
DA:46,0
DA:47,0
DA:50,0
DA:51,0
LF:16
LH:0
end_of_record
SF:lib\presentation\shared\widgets\custom_text_field.dart
DA:23,0
DA:43,0
DA:45,0
DA:47,0
DA:49,0
DA:51,0
DA:52,0
DA:53,0
DA:58,0
DA:59,0
DA:60,0
DA:61,0
DA:62,0
DA:63,0
DA:64,0
DA:65,0
DA:66,0
DA:67,0
DA:68,0
DA:69,0
DA:70,0
DA:71,0
DA:72,0
DA:76,0
DA:77,0
DA:78,0
DA:79,0
DA:80,0
DA:81,0
DA:84,0
DA:85,0
DA:86,0
DA:87,0
DA:90,0
DA:91,0
DA:94,0
DA:95,0
DA:101,0
LF:38
LH:0
end_of_record
SF:lib\presentation\screens\auth\register_screen.dart
DA:15,1
DA:17,0
DA:18,0
DA:34,0
DA:36,0
DA:37,0
DA:41,0
DA:42,0
DA:45,0
DA:47,0
DA:48,0
DA:49,0
DA:50,0
DA:51,0
DA:52,0
DA:55,0
DA:57,0
DA:58,0
DA:59,0
DA:64,0
DA:65,0
DA:66,0
DA:67,0
DA:68,0
DA:69,0
DA:70,0
DA:71,0
DA:72,0
DA:73,0
DA:74,0
DA:81,0
DA:86,0
DA:87,0
DA:94,0
DA:95,0
DA:96,0
DA:97,0
DA:98,0
DA:100,0
DA:101,0
DA:102,0
DA:104,0
DA:106,0
DA:107,0
DA:108,0
DA:110,0
DA:112,0
DA:113,0
DA:115,0
DA:119,0
DA:120,0
DA:123,0
DA:125,0
DA:129,0
DA:130,0
DA:133,0
DA:136,0
DA:137,0
DA:140,0
DA:146,0
DA:147,0
DA:150,0
DA:152,0
DA:153,0
DA:154,0
DA:156,0
DA:157,0
DA:162,0
DA:163,0
DA:166,0
DA:172,0
DA:173,0
DA:176,0
DA:180,0
DA:181,0
DA:182,0
DA:186,0
DA:187,0
DA:190,0
DA:196,0
DA:197,0
DA:199,0
DA:201,0
DA:204,0
DA:205,0
DA:207,0
DA:208,0
DA:211,0
DA:223,0
DA:224,0
DA:225,0
DA:228,0
DA:229,0
DA:230,0
DA:231,0
DA:232,0
DA:233,0
DA:234,0
DA:244,0
DA:245,0
DA:252,0
DA:253,0
DA:254,0
DA:255,0
DA:256,0
DA:257,0
DA:258,0
LF:107
LH:1
end_of_record
SF:lib\presentation\screens\auth\widgets\build_avatar_picker.dart
DA:10,0
DA:16,0
DA:18,0
DA:19,0
DA:20,0
DA:21,0
DA:22,0
DA:23,0
DA:26,0
DA:28,0
DA:29,0
DA:30,0
DA:33,0
DA:34,0
DA:35,0
DA:40,0
DA:45,0
DA:48,0
DA:49,0
DA:50,0
DA:53,0
DA:56,0
LF:22
LH:0
end_of_record
SF:lib\presentation\screens\goals\goals_screen.dart
DA:16,1
DA:18,0
DA:20,0
DA:21,0
DA:22,0
DA:24,0
DA:26,0
DA:28,0
DA:30,0
DA:31,0
DA:32,0
DA:33,0
DA:34,0
DA:37,0
DA:39,0
DA:47,0
DA:48,0
DA:49,0
DA:50,0
DA:53,0
DA:54,0
DA:58,0
DA:60,0
DA:64,0
DA:65,0
DA:66,0
DA:67,0
DA:68,0
DA:80,0
DA:81,0
DA:89,0
DA:90,0
DA:91,0
DA:98,0
DA:100,0
DA:101,0
DA:113,0
DA:115,0
DA:116,0
DA:117,0
DA:119,0
DA:120,0
DA:121,0
DA:123,0
DA:124,0
DA:129,0
DA:132,0
DA:133,0
DA:134,0
DA:137,0
DA:139,0
DA:144,0
DA:146,0
DA:148,0
DA:150,0
DA:154,0
DA:156,0
DA:163,0
DA:169,0
DA:170,0
DA:172,0
DA:173,0
DA:175,0
DA:176,0
DA:177,0
DA:181,0
DA:185,0
DA:187,0
DA:188,0
DA:198,0
DA:199,0
DA:201,0
DA:203,0
DA:204,0
DA:205,0
DA:206,0
DA:207,0
DA:210,0
DA:211,0
DA:212,0
DA:213,0
DA:214,0
DA:215,0
DA:216,0
DA:219,0
DA:220,0
DA:228,0
DA:229,0
DA:230,0
DA:231,0
DA:232,0
DA:233,0
DA:234,0
DA:235,0
DA:237,0
LF:95
LH:1
end_of_record
SF:lib\presentation\screens\goals\widgets\goal_card.dart
DA:18,0
DA:20,0
DA:22,0
DA:23,0
DA:25,0
DA:26,0
DA:27,0
DA:29,0
DA:31,0
DA:32,0
DA:33,0
DA:34,0
DA:36,0
DA:37,0
DA:39,0
DA:40,0
DA:41,0
DA:42,0
DA:46,0
DA:47,0
DA:48,0
DA:53,0
DA:55,0
DA:57,0
DA:63,0
DA:68,0
DA:70,0
DA:71,0
DA:72,0
DA:73,0
DA:77,0
DA:78,0
DA:79,0
DA:84,0
DA:85,0
DA:86,0
DA:89,0
DA:96,0
DA:97,0
DA:98,0
DA:101,0
DA:102,0
DA:103,0
DA:110,0
DA:111,0
DA:112,0
DA:113,0
DA:114,0
DA:116,0
DA:117,0
DA:121,0
DA:123,0
DA:131,0
DA:132,0
DA:133,0
DA:134,0
DA:136,0
DA:137,0
DA:138,0
DA:140,0
DA:141,0
DA:146,0
DA:149,0
DA:150,0
DA:151,0
DA:154,0
DA:156,0
DA:161,0
DA:163,0
DA:164,0
DA:165,0
DA:168,0
DA:174,0
DA:175,0
DA:176,0
DA:182,0
DA:183,0
DA:184,0
DA:185,0
DA:186,0
DA:191,0
DA:192,0
DA:193,0
DA:194,0
DA:195,0
DA:196,0
DA:197,0
DA:206,0
DA:207,0
DA:208,0
DA:209,0
DA:210,0
DA:217,0
DA:218,0
DA:222,0
LF:95
LH:0
end_of_record
SF:lib\presentation\shared\widgets\empty_state_widget.dart
DA:12,1
DA:20,0
DA:22,0
DA:23,0
DA:25,0
DA:28,0
DA:32,0
DA:36,0
DA:37,0
DA:38,0
DA:39,0
DA:42,0
DA:43,0
DA:46,0
DA:47,0
DA:50,0
DA:51,0
DA:56,0
DA:57,0
DA:58,0
DA:59,0
DA:60,0
DA:64,0
DA:65,0
DA:66,0
LF:25
LH:1
end_of_record
SF:lib\presentation\screens\home\home_screen.dart
DA:20,1
DA:22,0
DA:24,0
DA:25,0
DA:26,0
DA:28,0
DA:29,0
DA:30,0
DA:32,0
DA:35,0
DA:37,0
DA:39,0
DA:57,0
DA:58,0
DA:59,0
DA:60,0
DA:61,0
DA:62,0
DA:64,0
DA:66,0
DA:67,0
DA:69,0
DA:70,0
DA:71,0
DA:72,0
DA:77,0
DA:78,0
DA:79,0
DA:83,0
DA:84,0
DA:86,0
DA:89,0
DA:90,0
DA:91,0
DA:92,0
DA:93,0
DA:94,0
DA:100,0
DA:102,0
DA:108,0
DA:111,0
DA:125,0
DA:128,0
DA:129,0
DA:130,0
DA:131,0
DA:132,0
DA:136,0
DA:137,0
DA:158,0
DA:159,0
DA:160,0
DA:161,0
LF:53
LH:1
end_of_record
SF:lib\presentation\screens\home\widgets\quickgoals_preview.dart
DA:13,0
DA:15,0
DA:17,0
DA:18,0
DA:19,0
DA:23,0
DA:25,0
DA:27,0
DA:28,0
DA:30,0
DA:31,0
DA:32,0
DA:33,0
DA:34,0
DA:36,0
DA:45,0
DA:46,0
DA:47,0
DA:52,0
DA:54,0
DA:56,0
DA:57,0
DA:58,0
DA:70,0
DA:72,0
DA:74,0
DA:75,0
DA:77,0
DA:80,0
DA:81,0
DA:82,0
DA:83,0
DA:84,0
DA:85,0
DA:91,0
DA:94,0
DA:95,0
DA:96,0
DA:97,0
DA:99,0
DA:100,0
DA:101,0
DA:109,0
DA:110,0
DA:113,0
DA:118,0
DA:119,0
DA:120,0
DA:123,0
DA:124,0
DA:128,0
DA:129,0
DA:130,0
DA:139,0
DA:140,0
DA:141,0
LF:56
LH:0
end_of_record
SF:lib\presentation\screens\home\widgets\balance_card.dart
DA:16,1
DA:18,0
DA:19,0
DA:26,0
DA:28,0
DA:29,0
DA:32,0
DA:35,0
DA:37,0
DA:38,0
DA:41,0
DA:43,0
DA:44,0
DA:45,0
DA:46,0
DA:49,0
DA:50,0
DA:51,0
DA:52,0
DA:53,0
DA:54,0
DA:56,0
DA:57,0
DA:58,0
DA:60,0
DA:61,0
DA:63,0
DA:64,0
DA:66,0
DA:71,0
DA:72,0
DA:100,0
DA:111,0
DA:113,0
DA:114,0
DA:115,0
DA:116,0
DA:119,0
DA:120,0
DA:130,0
DA:131,0
DA:132,0
DA:138,0
DA:139,0
DA:141,0
DA:144,0
DA:147,0
DA:149,0
DA:153,0
DA:156,0
DA:159,0
DA:161,0
DA:165,0
DA:168,0
DA:171,0
DA:173,0
DA:178,0
DA:179,0
DA:180,0
DA:186,0
DA:188,0
DA:190,0
DA:193,0
DA:195,0
DA:196,0
DA:203,0
DA:208,0
DA:209,0
DA:212,0
DA:213,0
DA:225,0
DA:227,0
DA:228,0
DA:229,0
DA:231,0
DA:238,0
DA:239,0
DA:240,0
DA:241,0
DA:244,0
DA:245,0
DA:251,0
DA:252,0
DA:255,0
DA:256,0
DA:299,0
DA:301,0
DA:303,0
DA:304,0
DA:305,0
DA:307,0
DA:311,0
DA:313,0
DA:314,0
DA:315,0
DA:316,0
DA:317,0
DA:318,0
DA:321,0
DA:322,0
DA:331,0
DA:338,0
DA:340,0
DA:342,0
DA:343,0
DA:344,0
DA:345,0
DA:347,0
DA:348,0
DA:349,0
DA:352,0
DA:353,0
DA:356,0
DA:359,0
DA:360,0
DA:362,0
DA:363,0
DA:364,0
DA:365,0
DA:366,0
DA:371,0
DA:372,0
DA:392,0
DA:394,0
DA:396,0
DA:399,0
DA:400,0
DA:410,0
DA:412,0
DA:414,0
DA:415,0
DA:416,0
DA:419,0
DA:420,0
DA:421,0
DA:422,0
DA:423,0
DA:425,0
DA:426,0
DA:427,0
DA:428,0
DA:429,0
DA:431,0
DA:432,0
DA:433,0
DA:434,0
DA:435,0
DA:437,0
DA:440,0
DA:442,0
DA:443,0
DA:444,0
DA:445,0
DA:447,0
DA:448,0
DA:455,0
DA:457,0
LF:157
LH:1
end_of_record
SF:lib\presentation\screens\home\widgets\summary_row.dart
DA:12,1
DA:14,0
DA:16,0
DA:17,0
DA:18,0
DA:19,0
DA:21,0
DA:22,0
DA:23,0
DA:24,0
DA:32,0
DA:33,0
DA:53,0
DA:60,0
DA:62,0
DA:64,0
DA:65,0
DA:66,0
DA:67,0
DA:68,0
DA:69,0
DA:75,0
DA:76,0
DA:77,0
DA:80,0
DA:81,0
DA:82,0
DA:84,0
DA:87,0
DA:89,0
DA:90,0
DA:92,0
DA:93,0
DA:94,0
LF:34
LH:1
end_of_record
SF:lib\presentation\screens\home\widgets\recent_transactions.dart
DA:15,1
DA:17,0
DA:19,0
DA:20,0
DA:21,0
DA:24,0
DA:26,0
DA:28,0
DA:30,0
DA:31,0
DA:33,0
DA:34,0
DA:35,0
DA:39,0
DA:40,0
DA:46,0
DA:56,0
DA:58,0
DA:60,0
DA:61,0
DA:64,0
DA:65,0
DA:66,0
DA:68,0
DA:69,0
DA:70,0
DA:73,0
DA:75,0
DA:76,0
DA:78,0
DA:85,0
DA:86,0
DA:88,0
DA:89,0
DA:90,0
DA:91,0
DA:95,0
DA:99,0
DA:101,0
DA:102,0
DA:103,0
DA:104,0
DA:107,0
DA:111,0
DA:112,0
DA:113,0
LF:46
LH:1
end_of_record
SF:lib\presentation\screens\home\widgets\weekly_chart.dart
DA:11,1
DA:13,0
DA:15,0
DA:16,0
DA:17,0
DA:19,0
DA:20,0
DA:21,0
DA:22,0
DA:24,0
DA:26,0
DA:27,0
DA:28,0
DA:29,0
DA:30,0
DA:31,0
DA:37,0
DA:39,0
DA:40,0
DA:42,0
DA:44,0
DA:45,0
DA:46,0
DA:48,0
DA:49,0
DA:53,0
DA:54,0
DA:56,0
DA:57,0
DA:58,0
DA:59,0
DA:61,0
DA:62,0
DA:63,0
DA:70,0
DA:71,0
DA:73,0
DA:74,0
DA:75,0
DA:78,0
DA:79,0
DA:81,0
DA:82,0
LF:43
LH:1
end_of_record
SF:lib\presentation\screens\insights\insights_screen.dart
DA:13,1
DA:15,0
DA:17,0
DA:18,0
DA:19,0
DA:20,0
DA:21,0
DA:24,0
DA:25,0
DA:26,0
DA:31,0
DA:34,0
DA:36,0
DA:38,0
DA:40,0
DA:42,0
DA:44,0
DA:56,0
DA:57,0
DA:59,0
DA:65,0
DA:67,0
DA:68,0
DA:71,0
DA:73,0
DA:74,0
DA:75,0
DA:76,0
DA:77,0
DA:78,0
DA:80,0
DA:81,0
DA:82,0
DA:91,0
DA:92,0
DA:93,0
DA:95,0
DA:96,0
DA:97,0
DA:99,0
DA:100,0
DA:101,0
DA:102,0
DA:104,0
DA:105,0
DA:106,0
DA:107,0
DA:111,0
DA:113,0
DA:115,0
DA:116,0
DA:118,0
DA:119,0
DA:120,0
DA:126,0
DA:127,0
DA:128,0
DA:138,0
DA:139,0
DA:141,0
DA:142,0
DA:143,0
DA:144,0
DA:153,0
DA:154,0
DA:156,0
DA:157,0
DA:159,0
DA:161,0
DA:162,0
DA:163,0
DA:165,0
DA:167,0
DA:168,0
DA:170,0
DA:172,0
DA:173,0
DA:176,0
DA:177,0
DA:178,0
DA:179,0
DA:180,0
DA:181,0
DA:182,0
DA:194,0
DA:195,0
DA:196,0
DA:198,0
DA:199,0
DA:200,0
DA:203,0
DA:204,0
DA:205,0
DA:210,0
DA:211,0
DA:212,0
DA:213,0
DA:214,0
DA:215,0
LF:99
LH:1
end_of_record
SF:lib\presentation\screens\onboarding\onboarding_screen.dart
DA:14,0
DA:18,1
DA:19,1
DA:20,1
DA:23,0
DA:24,0
DA:25,0
DA:28,0
DA:29,0
DA:40,0
DA:61,0
DA:63,0
DA:65,0
DA:66,0
DA:73,0
DA:80,0
DA:89,0
DA:90,0
DA:91,0
DA:97,0
DA:98,0
DA:99,0
DA:102,0
DA:105,0
DA:107,0
DA:108,0
DA:109,0
DA:111,0
DA:114,0
DA:115,0
DA:116,0
DA:119,0
DA:120,0
DA:121,0
DA:126,0
DA:130,0
DA:131,0
DA:132,0
DA:135,0
DA:137,0
DA:138,0
DA:139,0
DA:141,0
DA:142,0
DA:143,0
DA:144,0
DA:146,0
DA:149,0
DA:150,0
DA:151,0
DA:154,0
DA:155,0
DA:156,0
DA:158,0
DA:162,0
DA:165,0
DA:166,0
DA:167,0
DA:170,0
DA:171,0
DA:172,0
DA:174,0
DA:180,0
DA:181,0
DA:182,0
DA:184,0
DA:186,0
DA:188,0
DA:189,0
DA:190,0
DA:192,0
DA:193,0
DA:195,0
DA:205,0
DA:206,0
DA:207,0
DA:208,0
DA:209,0
DA:210,0
DA:211,0
DA:212,0
DA:213,0
DA:220,0
DA:222,0
DA:223,0
DA:224,0
DA:225,0
DA:226,0
DA:227,0
DA:230,0
DA:232,0
DA:233,0
DA:253,0
DA:255,0
DA:257,0
DA:259,0
DA:261,0
DA:263,0
DA:264,0
DA:265,0
DA:268,0
DA:269,0
DA:272,0
DA:278,0
DA:279,0
DA:281,0
DA:285,0
DA:286,0
DA:292,0
DA:293,0
DA:295,0
DA:297,0
DA:299,0
DA:317,0
DA:323,0
DA:325,0
DA:327,0
DA:328,0
DA:329,0
DA:335,0
DA:336,0
DA:337,0
DA:352,0
DA:358,0
DA:360,0
DA:361,0
DA:362,0
DA:366,0
DA:367,0
DA:368,0
DA:369,0
DA:370,0
DA:371,0
DA:377,0
DA:378,0
DA:380,0
DA:381,0
DA:382,0
DA:383,0
DA:401,1
DA:402,0
DA:404,0
DA:409,0
DA:411,0
DA:412,0
DA:414,0
DA:415,0
DA:416,0
DA:417,0
DA:418,0
DA:419,0
DA:420,0
DA:421,0
DA:422,0
DA:423,0
DA:424,0
DA:425,0
DA:426,0
DA:427,0
DA:430,0
DA:431,0
DA:434,0
DA:437,0
DA:438,0
DA:441,0
DA:444,0
DA:445,0
DA:448,0
DA:450,0
DA:454,0
DA:455,0
DA:457,0
DA:459,0
DA:460,0
DA:462,0
DA:465,0
DA:475,0
DA:476,0
DA:479,0
DA:480,0
DA:482,0
DA:486,0
DA:487,0
DA:488,0
DA:490,0
DA:495,0
DA:502,1
DA:503,0
DA:505,0
DA:510,0
DA:512,0
DA:513,0
DA:515,0
DA:516,0
DA:517,0
DA:518,0
DA:519,0
DA:520,0
DA:521,0
DA:522,0
DA:523,0
DA:524,0
DA:525,0
DA:526,0
DA:527,0
DA:528,0
DA:529,0
DA:530,0
DA:531,0
DA:532,0
DA:533,0
DA:536,0
DA:537,0
DA:538,0
DA:541,0
DA:542,0
DA:543,0
DA:548,0
DA:551,0
DA:553,0
DA:554,0
DA:555,0
DA:556,0
DA:557,0
DA:558,0
DA:559,0
DA:564,0
DA:565,0
DA:566,0
DA:567,0
DA:570,0
DA:571,0
DA:572,0
DA:573,0
DA:574,0
DA:575,0
DA:576,0
DA:577,0
DA:578,0
DA:579,0
DA:580,0
DA:583,0
DA:586,0
DA:587,0
DA:589,0
DA:591,0
DA:592,0
DA:594,0
DA:595,0
DA:596,0
DA:597,0
DA:601,0
DA:602,0
DA:603,0
DA:604,0
DA:605,0
DA:606,0
DA:607,0
DA:608,0
DA:609,0
DA:611,0
DA:612,0
DA:613,0
DA:614,0
DA:615,0
DA:616,0
DA:620,0
DA:627,1
DA:628,0
DA:630,0
DA:635,0
DA:637,0
DA:638,0
DA:640,0
DA:641,0
DA:642,0
DA:643,0
DA:644,0
DA:645,0
DA:646,0
DA:647,0
DA:648,0
DA:651,0
DA:652,0
DA:653,0
DA:654,0
DA:655,0
DA:656,0
DA:659,0
DA:660,0
DA:661,0
DA:662,0
DA:664,0
DA:665,0
DA:666,0
DA:667,0
DA:668,0
DA:671,0
DA:672,0
DA:673,0
DA:674,0
DA:676,0
DA:677,0
DA:678,0
DA:679,0
DA:680,0
DA:684,0
DA:685,0
DA:690,0
DA:691,0
DA:692,0
DA:699,0
DA:702,0
DA:707,0
DA:708,0
DA:709,0
DA:710,0
DA:711,0
DA:712,0
DA:713,0
DA:715,0
DA:716,0
DA:717,0
DA:719,0
DA:720,0
DA:721,0
DA:726,0
DA:727,0
DA:728,0
DA:729,0
DA:730,0
DA:731,0
DA:732,0
DA:733,0
DA:735,0
DA:736,0
DA:737,0
DA:739,0
DA:740,0
DA:742,0
DA:744,0
DA:746,0
DA:747,0
DA:750,0
LF:344
LH:6
end_of_record
SF:lib\presentation\screens\profile\profile_screen.dart
DA:17,1
DA:19,0
DA:21,0
DA:22,0
DA:23,0
DA:25,0
DA:26,0
DA:27,0
DA:28,0
DA:30,0
DA:31,0
DA:33,0
DA:35,0
DA:37,0
DA:38,0
DA:40,0
DA:42,0
DA:52,0
DA:53,0
DA:56,0
DA:58,0
DA:59,0
DA:60,0
DA:64,0
DA:65,0
DA:76,0
DA:77,0
DA:78,0
DA:79,0
DA:80,0
DA:81,0
DA:83,0
DA:84,0
DA:85,0
DA:91,0
DA:93,0
DA:104,0
DA:105,0
DA:106,0
DA:107,0
DA:108,0
DA:109,0
DA:111,0
DA:112,0
DA:113,0
DA:115,0
DA:116,0
DA:118,0
DA:120,0
DA:124,0
DA:126,0
DA:128,0
DA:129,0
DA:135,0
DA:138,0
DA:140,0
DA:144,0
DA:150,0
DA:151,0
DA:154,0
DA:158,0
DA:159,0
DA:160,0
DA:161,0
DA:162,0
DA:166,0
DA:168,0
DA:169,0
DA:174,0
DA:176,0
DA:177,0
DA:179,0
DA:180,0
DA:181,0
DA:182,0
DA:184,0
DA:187,0
DA:189,0
DA:190,0
DA:191,0
DA:192,0
DA:193,0
DA:199,0
DA:209,0
DA:215,0
DA:216,0
DA:217,0
DA:218,0
DA:221,0
DA:233,0
DA:234,0
DA:236,0
DA:239,0
DA:240,0
DA:241,0
DA:242,0
DA:243,0
DA:244,0
DA:249,0
DA:250,0
DA:251,0
DA:254,0
DA:255,0
DA:256,0
DA:274,0
DA:280,0
DA:282,0
DA:283,0
DA:285,0
DA:286,0
DA:287,0
DA:289,0
DA:290,0
DA:291,0
DA:292,0
DA:293,0
DA:296,0
DA:310,0
DA:317,0
DA:319,0
DA:321,0
DA:322,0
DA:323,0
DA:325,0
DA:326,0
DA:327,0
DA:328,0
DA:331,0
DA:332,0
DA:333,0
DA:334,0
DA:338,0
DA:340,0
DA:342,0
LF:134
LH:1
end_of_record
SF:lib\presentation\screens\transactions\add_transaction_screen.dart
DA:21,0
DA:23,0
DA:24,0
DA:39,0
DA:41,0
DA:43,0
DA:44,0
DA:45,0
DA:46,0
DA:47,0
DA:48,0
DA:49,0
DA:50,0
DA:51,0
DA:53,0
DA:56,0
DA:58,0
DA:59,0
DA:60,0
DA:61,0
DA:62,0
DA:65,0
DA:66,0
DA:67,0
DA:68,0
DA:69,0
DA:70,0
DA:72,0
DA:75,0
DA:77,0
DA:78,0
DA:79,0
DA:80,0
DA:81,0
DA:85,0
DA:86,0
DA:87,0
DA:89,0
DA:91,0
DA:92,0
DA:94,0
DA:97,0
DA:98,0
DA:99,0
DA:102,0
DA:105,0
DA:109,0
DA:110,0
DA:113,0
DA:114,0
DA:115,0
DA:118,0
DA:119,0
DA:120,0
DA:121,0
DA:123,0
DA:124,0
DA:125,0
DA:133,0
DA:135,0
DA:137,0
DA:140,0
DA:143,0
DA:146,0
DA:150,0
DA:151,0
DA:152,0
DA:153,0
DA:162,0
DA:163,0
DA:165,0
DA:166,0
DA:167,0
DA:169,0
DA:170,0
DA:171,0
DA:173,0
DA:175,0
DA:176,0
DA:177,0
DA:180,0
DA:182,0
DA:184,0
DA:185,0
DA:186,0
DA:194,0
DA:195,0
DA:199,0
DA:201,0
DA:202,0
DA:204,0
DA:205,0
DA:206,0
DA:208,0
DA:209,0
DA:210,0
DA:219,0
DA:220,0
DA:221,0
DA:227,0
DA:228,0
DA:229,0
DA:230,0
DA:231,0
DA:232,0
DA:233,0
DA:234,0
DA:241,0
DA:242,0
DA:243,0
DA:248,0
DA:249,0
DA:250,0
DA:252,0
DA:253,0
DA:254,0
DA:256,0
DA:257,0
DA:259,0
DA:260,0
DA:261,0
DA:262,0
DA:263,0
DA:264,0
DA:265,0
DA:273,0
DA:274,0
DA:275,0
DA:276,0
DA:278,0
DA:279,0
DA:280,0
DA:281,0
DA:283,0
DA:287,0
DA:288,0
DA:290,0
DA:291,0
DA:292,0
DA:293,0
DA:295,0
DA:299,0
DA:309,0
DA:316,0
DA:318,0
DA:319,0
DA:320,0
DA:321,0
DA:324,0
DA:325,0
DA:326,0
DA:328,0
DA:329,0
DA:331,0
DA:334,0
DA:336,0
DA:338,0
LF:157
LH:0
end_of_record
SF:lib\presentation\screens\transactions\transactions_screen.dart
DA:18,1
DA:20,0
DA:21,0
DA:29,0
DA:31,0
DA:32,0
DA:35,0
DA:37,0
DA:38,0
DA:39,0
DA:41,0
DA:43,0
DA:45,0
DA:47,0
DA:48,0
DA:49,0
DA:50,0
DA:51,0
DA:54,0
DA:56,0
DA:64,0
DA:66,0
DA:68,0
DA:76,0
DA:77,0
DA:79,0
DA:80,0
DA:83,0
DA:84,0
DA:85,0
DA:86,0
DA:87,0
DA:96,0
DA:97,0
DA:99,0
DA:100,0
DA:101,0
DA:103,0
DA:104,0
DA:107,0
DA:109,0
DA:110,0
DA:113,0
DA:115,0
DA:116,0
DA:123,0
DA:124,0
DA:125,0
DA:126,0
DA:129,0
DA:130,0
DA:132,0
DA:134,0
DA:135,0
DA:136,0
DA:137,0
DA:140,0
DA:148,0
DA:149,0
DA:150,0
DA:151,0
DA:152,0
DA:153,0
DA:155,0
DA:156,0
DA:157,0
DA:165,0
DA:169,0
DA:171,0
DA:172,0
DA:173,0
DA:174,0
DA:175,0
DA:177,0
DA:189,0
DA:195,0
DA:197,0
DA:198,0
DA:199,0
DA:202,0
DA:203,0
DA:205,0
DA:206,0
DA:208,0
DA:209,0
DA:210,0
DA:213,0
DA:214,0
DA:215,0
DA:217,0
DA:230,0
DA:236,0
DA:238,0
DA:239,0
DA:240,0
DA:242,0
DA:245,0
DA:247,0
DA:251,0
DA:252,0
DA:254,0
DA:255,0
DA:256,0
DA:258,0
DA:259,0
DA:260,0
DA:263,0
DA:265,0
DA:266,0
DA:268,0
DA:275,0
DA:276,0
DA:278,0
DA:279,0
DA:280,0
DA:281,0
DA:285,0
DA:286,0
DA:287,0
DA:292,0
DA:294,0
DA:295,0
DA:296,0
DA:297,0
DA:300,0
DA:304,0
DA:305,0
LF:127
LH:1
end_of_record
SF:lib\presentation\shared\navigation\app_navigation.dart
DA:22,0
DA:29,0
DA:30,0
DA:38,0
DA:40,0
DA:41,0
DA:50,0
DA:52,0
DA:53,0
DA:54,0
DA:55,0
DA:56,0
DA:59,0
DA:60,0
DA:64,0
DA:65,0
DA:66,0
DA:67,0
DA:69,0
DA:70,0
DA:73,0
DA:74,0
DA:75,0
DA:80,0
DA:81,0
DA:82,0
DA:83,0
DA:84,0
DA:85,0
DA:86,0
DA:92,0
DA:93,0
DA:95,0
DA:97,0
DA:98,0
DA:99,0
DA:103,0
DA:104,0
DA:107,0
DA:108,0
DA:112,0
DA:113,0
DA:116,0
DA:117,0
DA:121,0
DA:122,0
DA:125,0
DA:126,0
DA:130,0
DA:131,0
DA:134,0
DA:135,0
DA:139,0
DA:140,0
DA:150,0
DA:160,0
DA:168,0
DA:170,0
DA:171,0
DA:172,0
DA:173,0
DA:176,0
DA:178,0
DA:180,0
DA:182,0
DA:184,0
DA:185,0
DA:186,0
DA:189,0
DA:191,0
DA:195,0
DA:196,0
DA:199,0
DA:204,0
DA:206,0
LF:75
LH:0
end_of_record
